#
# There is insufficient memory for the Java Runtime Environment to continue.
# Native memory allocation (malloc) failed to allocate 226416 bytes for Chunk::new
# Possible reasons:
#   The system is out of physical RAM or swap space
#   In 32 bit mode, the process size limit was hit
# Possible solutions:
#   Reduce memory load on the system
#   Increase physical memory or swap space
#   Check if swap backing store is full
#   Use 64 bit Java on a 64 bit OS
#   Decrease Java heap size (-Xmx/-Xms)
#   Decrease number of Java threads
#   Decrease Java thread stack sizes (-Xss)
#   Set larger code cache with -XX:ReservedCodeCacheSize=
# This output file may be truncated or incomplete.
#
#  Out of Memory Error (allocation.cpp:390), pid=8096, tid=0x0000000000000b94
#
# JRE version: OpenJDK Runtime Environment (8.0_76-b03) (build 1.8.0_76-release-b03)
# Java VM: OpenJDK 64-Bit Server VM (25.76-b03 mixed mode windows-amd64 compressed oops)
# Failed to write core dump. Minidumps are not enabled by default on client versions of Windows
#

---------------  T H R E A D  ---------------

Current thread (0x0000000016d88000):  JavaThread "C2 CompilerThread2" daemon [_thread_in_native, id=2964, stack(0x0000000017630000,0x0000000017730000)]

Stack: [0x0000000017630000,0x0000000017730000]
[error occurred during error reporting (printing stack bounds), id 0xc0000005]

Native frames: (J=compiled Java code, j=interpreted, Vv=VM code, C=native code)


Current CompileTask:
C2:   1248 1187       4       com.android.dx.ssa.LiteralOpUpgrader$1::visitNonMoveInsn (203 bytes)


---------------  P R O C E S S  ---------------

Java Threads: ( => current thread )
  0x0000000017a53000 JavaThread "pool-1-thread-4" [_thread_blocked, id=7736, stack(0x0000000018630000,0x0000000018730000)]
  0x0000000017a4a800 JavaThread "pool-1-thread-3" [_thread_in_Java, id=1172, stack(0x0000000018530000,0x0000000018630000)]
  0x0000000017a4e000 JavaThread "pool-1-thread-2" [_thread_in_Java, id=8036, stack(0x0000000018430000,0x0000000018530000)]
  0x000000001703f800 JavaThread "pool-2-thread-1" [_thread_blocked, id=6708, stack(0x0000000018330000,0x0000000018430000)]
  0x0000000017027800 JavaThread "pool-1-thread-1" [_thread_blocked, id=6160, stack(0x0000000018230000,0x0000000018330000)]
  0x0000000016e07000 JavaThread "Service Thread" daemon [_thread_blocked, id=5116, stack(0x0000000017830000,0x0000000017930000)]
  0x0000000016d91000 JavaThread "C1 CompilerThread3" daemon [_thread_blocked, id=3428, stack(0x0000000017730000,0x0000000017830000)]
=>0x0000000016d88000 JavaThread "C2 CompilerThread2" daemon [_thread_in_native, id=2964, stack(0x0000000017630000,0x0000000017730000)]
  0x0000000016d84800 JavaThread "C2 CompilerThread1" daemon [_thread_in_native, id=7200, stack(0x0000000017530000,0x0000000017630000)]
  0x0000000016d82800 JavaThread "C2 CompilerThread0" daemon [_thread_in_native, id=5112, stack(0x0000000017430000,0x0000000017530000)]
  0x0000000016d80000 JavaThread "Attach Listener" daemon [_thread_blocked, id=5988, stack(0x0000000017330000,0x0000000017430000)]
  0x0000000016d7f800 JavaThread "Signal Dispatcher" daemon [_thread_blocked, id=5744, stack(0x0000000017230000,0x0000000017330000)]
  0x0000000014e50800 JavaThread "Finalizer" daemon [_thread_blocked, id=6640, stack(0x0000000017110000,0x0000000017210000)]
  0x0000000002326000 JavaThread "Reference Handler" daemon [_thread_blocked, id=4728, stack(0x0000000016c10000,0x0000000016d10000)]
  0x0000000002230800 JavaThread "main" [_thread_in_Java, id=7348, stack(0x0000000002130000,0x0000000002230000)]

Other Threads:
  0x0000000014e45000 VMThread [stack: 0x0000000016b10000,0x0000000016c10000] [id=2040]
  0x0000000016e18000 WatcherThread [stack: 0x0000000017930000,0x0000000017a30000] [id=6840]

VM state:not at safepoint (normal execution)

VM Mutex/Monitor currently owned by a thread: None

Heap:
 PSYoungGen      total 38400K, used 16458K [0x00000000eab00000, 0x00000000ef600000, 0x0000000100000000)
  eden space 33280K, 34% used [0x00000000eab00000,0x00000000eb614710,0x00000000ecb80000)
  from space 5120K, 99% used [0x00000000ecb80000,0x00000000ed07e278,0x00000000ed080000)
  to   space 5120K, 0% used [0x00000000ef100000,0x00000000ef100000,0x00000000ef600000)
 ParOldGen       total 87552K, used 1083K [0x00000000c0000000, 0x00000000c5580000, 0x00000000eab00000)
  object space 87552K, 1% used [0x00000000c0000000,0x00000000c010ef80,0x00000000c5580000)
 Metaspace       used 6307K, capacity 7000K, committed 7168K, reserved 1056768K
  class space    used 605K, capacity 656K, committed 768K, reserved 1048576K

Card table byte_map: [0x00000000116f0000,0x0000000011900000] byte_map_base: 0x00000000110f0000

Marking Bits: (ParMarkBitMap*) 0x00000000701d9d00
 Begin Bits: [0x0000000012260000, 0x0000000013260000)
 End Bits:   [0x0000000013260000, 0x0000000014260000)

Polling page: 0x0000000001ec0000

CodeCache: size=245760Kb used=4769Kb max_used=4769Kb free=240990Kb
 bounds [0x0000000002330000, 0x00000000027e0000, 0x0000000011330000]
 total_blobs=1510 nmethods=1230 adapters=193
 compilation: disabled (not enough contiguous free space left)

Compilation events (10 events):
Event: 1.208 Thread 0x0000000016d91000 nmethod 1232 0x00000000027d7650 code [0x00000000027d7960, 0x00000000027d9238]
Event: 1.210 Thread 0x0000000016d91000 1233       3       com.android.dx.ssa.SsaMethod::makeExitBlock (134 bytes)
Event: 1.211 Thread 0x0000000016d91000 nmethod 1233 0x00000000027da010 code [0x00000000027da2a0, 0x00000000027db2a8]
Event: 1.212 Thread 0x0000000016d91000 1234       3       com.android.dx.rop.code.RegisterSpecList::getType (12 bytes)
Event: 1.212 Thread 0x0000000016d91000 nmethod 1234 0x00000000027d37d0 code [0x00000000027d3960, 0x00000000027d3fb8]
Event: 1.212 Thread 0x0000000016d91000 1235       3       com.android.dx.ssa.SCCP::<init> (142 bytes)
Event: 1.213 Thread 0x0000000016d91000 nmethod 1235 0x00000000027dbbd0 code [0x00000000027dbe40, 0x00000000027dcf68]
Event: 1.214 Thread 0x0000000016d91000 1241       3       com.android.dx.ssa.LocalVariableExtractor::doit (59 bytes)
Event: 1.214 Thread 0x0000000016d91000 nmethod 1241 0x00000000027dd850 code [0x00000000027dda00, 0x00000000027ddf48]
Event: 1.214 Thread 0x0000000016d91000 1244       3       com.android.dx.cf.code.BasicBlocker::getBlockList (208 bytes)

GC Heap History (2 events):
Event: 1.124 GC heap before
{Heap before GC invocations=1 (full 0):
 PSYoungGen      total 38400K, used 33280K [0x00000000eab00000, 0x00000000ed580000, 0x0000000100000000)
  eden space 33280K, 100% used [0x00000000eab00000,0x00000000ecb80000,0x00000000ecb80000)
  from space 5120K, 0% used [0x00000000ed080000,0x00000000ed080000,0x00000000ed580000)
  to   space 5120K, 0% used [0x00000000ecb80000,0x00000000ecb80000,0x00000000ed080000)
 ParOldGen       total 87552K, used 0K [0x00000000c0000000, 0x00000000c5580000, 0x00000000eab00000)
  object space 87552K, 0% used [0x00000000c0000000,0x00000000c0000000,0x00000000c5580000)
 Metaspace       used 6240K, capacity 6936K, committed 7168K, reserved 1056768K
  class space    used 605K, capacity 656K, committed 768K, reserved 1048576K
Event: 1.180 GC heap after
Heap after GC invocations=1 (full 0):
 PSYoungGen      total 38400K, used 5112K [0x00000000eab00000, 0x00000000ef600000, 0x0000000100000000)
  eden space 33280K, 0% used [0x00000000eab00000,0x00000000eab00000,0x00000000ecb80000)
  from space 5120K, 99% used [0x00000000ecb80000,0x00000000ed07e278,0x00000000ed080000)
  to   space 5120K, 0% used [0x00000000ef100000,0x00000000ef100000,0x00000000ef600000)
 ParOldGen       total 87552K, used 1083K [0x00000000c0000000, 0x00000000c5580000, 0x00000000eab00000)
  object space 87552K, 1% used [0x00000000c0000000,0x00000000c010ef80,0x00000000c5580000)
 Metaspace       used 6240K, capacity 6936K, committed 7168K, reserved 1056768K
  class space    used 605K, capacity 656K, committed 768K, reserved 1048576K
}

Deoptimization events (10 events):
Event: 0.322 Thread 0x0000000002230800 Uncommon trap: reason=unstable_if action=reinterpret pc=0x000000000247d8d4 method=java.lang.String.compareTo(Ljava/lang/String;)I @ 38
Event: 0.725 Thread 0x0000000017a4a800 Uncommon trap: reason=unstable_if action=reinterpret pc=0x0000000002549d60 method=java.util.HashMap.getNode(ILjava/lang/Object;)Ljava/util/HashMap$Node; @ 129
Event: 0.918 Thread 0x0000000017a4e000 Uncommon trap: reason=unstable_if action=reinterpret pc=0x0000000002570170 method=java.util.BitSet.nextSetBit(I)I @ 87
Event: 0.943 Thread 0x0000000017027800 Uncommon trap: reason=unstable_if action=reinterpret pc=0x0000000002654d30 method=com.android.dx.rop.code.LocalItem.hashCode()I @ 25
Event: 0.960 Thread 0x0000000017a4a800 Uncommon trap: reason=class_check action=maybe_recompile pc=0x000000000261aaa0 method=com.android.dx.rop.type.Type.equals(Ljava/lang/Object;)Z @ 8
Event: 0.977 Thread 0x0000000017a4a800 Uncommon trap: reason=unstable_if action=reinterpret pc=0x0000000002575cf4 method=java.util.BitSet.ensureCapacity(I)V @ 6
Event: 0.995 Thread 0x0000000002230800 Uncommon trap: reason=unstable_if action=reinterpret pc=0x000000000264851c method=com.android.dx.rop.code.RegisterSpec.equals(ILcom/android/dx/rop/type/TypeBearer;Lcom/android/dx/rop/code/LocalItem;)Z @ 16
Event: 0.995 Thread 0x0000000002230800 Uncommon trap: reason=unstable_if action=reinterpret pc=0x00000000025e1c84 method=com.android.dx.rop.code.RegisterSpec.equals(ILcom/android/dx/rop/type/TypeBearer;Lcom/android/dx/rop/code/LocalItem;)Z @ 16
Event: 0.998 Thread 0x0000000002230800 Uncommon trap: reason=unstable_if action=reinterpret pc=0x0000000002568d60 method=java.util.HashMap.getNode(ILjava/lang/Object;)Ljava/util/HashMap$Node; @ 62
Event: 1.027 Thread 0x0000000002230800 Uncommon trap: reason=null_check action=make_not_entrant pc=0x000000000261aab0 method=com.android.dx.rop.type.Type.equals(Ljava/lang/Object;)Z @ 8

Internal exceptions (3 events):
Event: 0.054 Thread 0x0000000002230800 Exception <a 'java/lang/NoSuchMethodError': Method sun.misc.Unsafe.defineClass(Ljava/lang/String;[BII)Ljava/lang/Class; name or signature does not match> (0x00000000eab07cc0) thrown at [C:\src\android\AOSP-openjdk\external\jetbrains\jdk\hotspot\src\share\vÌ™¿2ƒ‰«?
Event: 0.054 Thread 0x0000000002230800 Exception <a 'java/lang/NoSuchMethodError': Method sun.misc.Unsafe.prefetchRead(Ljava/lang/Object;J)V name or signature does not match> (0x00000000eab07fa8) thrown at [C:\src\android\AOSP-openjdk\external\jetbrains\jdk\hotspot\src\share\vm\prims\jni.cpp, l7þ‘!Ænð?
Event: 1.027 Thread 0x0000000002230800 Implicit null exception at 0x000000000261a9a2 to 0x000000000261aaa1

Events (10 events):
Event: 0.995 Thread 0x0000000002230800 DEOPT PACKING pc=0x00000000025e1c84 sp=0x000000000222dd70
Event: 0.995 Thread 0x0000000002230800 DEOPT UNPACKING pc=0x000000000237556a sp=0x000000000222dd08 mode 2
Event: 0.998 Thread 0x0000000002230800 Uncommon trap: trap_request=0xffffff65 fr.pc=0x0000000002568d60
Event: 0.998 Thread 0x0000000002230800 DEOPT PACKING pc=0x0000000002568d60 sp=0x000000000222e6d0
Event: 0.998 Thread 0x0000000002230800 DEOPT UNPACKING pc=0x000000000237556a sp=0x000000000222e5f0 mode 2
Event: 1.027 Thread 0x0000000002230800 Uncommon trap: trap_request=0xfffffff4 fr.pc=0x000000000261aab0
Event: 1.027 Thread 0x0000000002230800 DEOPT PACKING pc=0x000000000261aab0 sp=0x000000000222e310
Event: 1.027 Thread 0x0000000002230800 DEOPT UNPACKING pc=0x000000000237556a sp=0x000000000222e2b8 mode 2
Event: 1.123 Executing VM operation: ParallelGCFailedAllocation
Event: 1.180 Executing VM operation: ParallelGCFailedAllocation done


Dynamic libraries:
0x00007ff7b50f0000 - 0x00007ff7b5121000 	C:\Program Files\Android\Android Studio\jre\bin\java.exe
0x00007ffc230b0000 - 0x00007ffc23271000 	C:\Windows\SYSTEM32\ntdll.dll
0x00007ffc22130000 - 0x00007ffc221dd000 	C:\Windows\system32\KERNEL32.DLL
0x00007ffc202c0000 - 0x00007ffc204a8000 	C:\Windows\system32\KERNELBASE.dll
0x00007ffc20810000 - 0x00007ffc208b7000 	C:\Windows\system32\ADVAPI32.dll
0x00007ffc20770000 - 0x00007ffc2080d000 	C:\Windows\system32\msvcrt.dll
0x00007ffc22d20000 - 0x00007ffc22d7b000 	C:\Windows\system32\sechost.dll
0x00007ffc22890000 - 0x00007ffc229ac000 	C:\Windows\system32\RPCRT4.dll
0x00007ffc208c0000 - 0x00007ffc20a16000 	C:\Windows\system32\USER32.dll
0x00007ffc21fa0000 - 0x00007ffc22126000 	C:\Windows\system32\GDI32.dll
0x00007ffc1c910000 - 0x00007ffc1cb84000 	C:\Windows\WinSxS\amd64_microsoft.windows.common-controls_6595b64144ccf1df_6.0.10586.0_none_8c15ae12515e1c22\COMCTL32.dll
0x00007ffc22610000 - 0x00007ffc2288d000 	C:\Windows\system32\combase.dll
0x00007ffc20250000 - 0x00007ffc202ba000 	C:\Windows\system32\bcryptPrimitives.dll
0x00007ffc23000000 - 0x00007ffc2303b000 	C:\Windows\system32\IMM32.DLL
0x000000006f940000 - 0x000000006fa12000 	C:\Program Files\Android\Android Studio\jre\jre\bin\msvcr100.dll
0x000000006fa20000 - 0x0000000070254000 	C:\Program Files\Android\Android Studio\jre\jre\bin\server\jvm.dll
0x00007ffc21f90000 - 0x00007ffc21f98000 	C:\Windows\system32\PSAPI.DLL
0x00007ffc18eb0000 - 0x00007ffc18eb9000 	C:\Windows\SYSTEM32\WSOCK32.dll
0x00007ffc23040000 - 0x00007ffc230ab000 	C:\Windows\system32\WS2_32.dll
0x00007ffc1d400000 - 0x00007ffc1d423000 	C:\Windows\SYSTEM32\WINMM.dll
0x00007ffc1cdf0000 - 0x00007ffc1cdfa000 	C:\Windows\SYSTEM32\VERSION.dll
0x00007ffc1d3d0000 - 0x00007ffc1d3fc000 	C:\Windows\SYSTEM32\WINMMBASE.dll
0x00007ffc1f780000 - 0x00007ffc1f7c3000 	C:\Windows\system32\cfgmgr32.dll
0x00007ffc18ea0000 - 0x00007ffc18eaf000 	C:\Program Files\Android\Android Studio\jre\jre\bin\verify.dll
0x00007ffc10d90000 - 0x00007ffc10db9000 	C:\Program Files\Android\Android Studio\jre\jre\bin\java.dll
0x00007ffc0d1f0000 - 0x00007ffc0d206000 	C:\Program Files\Android\Android Studio\jre\jre\bin\zip.dll
0x00007ffc20a20000 - 0x00007ffc21f7c000 	C:\Windows\system32\SHELL32.dll
0x00007ffc1f9a0000 - 0x00007ffc1ffe5000 	C:\Windows\system32\windows.storage.dll
0x00007ffc205c0000 - 0x00007ffc20612000 	C:\Windows\system32\shlwapi.dll
0x00007ffc1f6f0000 - 0x00007ffc1f6ff000 	C:\Windows\system32\kernel.appcore.dll
0x00007ffc1f8e0000 - 0x00007ffc1f995000 	C:\Windows\system32\shcore.dll
0x00007ffc1f710000 - 0x00007ffc1f75b000 	C:\Windows\system32\powrprof.dll
0x00007ffc1f6d0000 - 0x00007ffc1f6e4000 	C:\Windows\system32\profapi.dll

VM Arguments:
jvm_args: -Djava.awt.headless=true -Xmx1024M -Dfile.encoding=windows-1256 -Duser.country=US -Duser.language=en -Duser.variant 
java_command: com.android.dx.command.Main --dex --num-threads=4 --output D:\git\app\build\intermediates\pre-dexed\debug\com.android.support-design-23.3.0_c76cda02d7f0df36335feeedbf959c19e3cecf8d.jar D:\git\app\build\intermediates\exploded-aar\com.android.support\design\23.3.0\jars\classes.jar
java_class_path (initial): C:\Users\User\AppData\Local\Android\sdk\build-tools\23.0.3\lib\dx.jar
Launcher Type: SUN_STANDARD

Environment Variables:
PATH=C:\ProgramData\Oracle\Java\javapath;C:\Windows\system32;C:\Windows;C:\Windows\System32\Wbem;C:\Windows\System32\WindowsPowerShell\v1.0\;C:\Program Files\Git\cmd
USERNAME=User
OS=Windows_NT
PROCESSOR_IDENTIFIER=Intel64 Family 6 Model 58 Stepping 9, GenuineIntel



---------------  S Y S T E M  ---------------

OS: Windows 10.0 , 64 bit Build 10586 (10.0.10586.0)

CPU:total 8 (4 cores per cpu, 2 threads per core) family 6 model 58 stepping 9, cmov, cx8, fxsr, mmx, sse, sse2, sse3, ssse3, sse4.1, sse4.2, popcnt, avx, aes, clmul, erms, ht, tsc, tscinvbit, tscinv

Memory: 4k page, physical 8320428k(2782508k free), swap 8320428k(349684k free)

vm_info: OpenJDK 64-Bit Server VM (25.76-b03) for windows-amd64 JRE (1.8.0_76-release-b03), built on Jun 29 2016 19:09:20 by "ralucas" with MS VC++ 10.0 (VS2010)

time: Tue Nov 15 23:13:34 2016
elapsed time: 1 seconds (0d 0h 0m 1s)

